\BOOKMARK [0][-]{chapter.1}{Introduction}{}% 1
\BOOKMARK [1][-]{section.1.1}{Intro}{chapter.1}% 2
\BOOKMARK [1][-]{section.1.2}{Previous work}{chapter.1}% 3
\BOOKMARK [1][-]{section.1.3}{Neuronal Synchrony}{chapter.1}% 4
\BOOKMARK [1][-]{section.1.4}{Thesis Organization}{chapter.1}% 5
\BOOKMARK [-1][-]{part.1}{I Complex-Valued Deep Learning}{}% 6
\BOOKMARK [0][-]{chapter.2}{Complex Analysis}{part.1}% 7
\BOOKMARK [1][-]{section.2.1}{Complex Numbers}{chapter.2}% 8
\BOOKMARK [1][-]{section.2.2}{Complex Differentiability}{chapter.2}% 9
\BOOKMARK [1][-]{section.2.3}{Other theorems}{chapter.2}% 10
\BOOKMARK [1][-]{section.2.4}{Circularity}{chapter.2}% 11
\BOOKMARK [1][-]{section.2.5}{Why not to prefer real-valued network with two channels?}{chapter.2}% 12
\BOOKMARK [0][-]{chapter.3}{Extent}{part.1}% 13
\BOOKMARK [1][-]{section.3.1}{Problems in the extent}{chapter.3}% 14
\BOOKMARK [1][-]{section.3.2}{Complex Backpropagation}{chapter.3}% 15
\BOOKMARK [2][-]{subsection.3.2.1}{Steepest Complex Gradient Descent}{section.3.2}% 16
\BOOKMARK [2][-]{subsection.3.2.2}{Backpropagation with a Real-valued Loss}{section.3.2}% 17
\BOOKMARK [1][-]{section.3.3}{Re-definition of the main neural network layers}{chapter.3}% 18
\BOOKMARK [1][-]{section.3.4}{Complex-Valued Activation Functions}{chapter.3}% 19
\BOOKMARK [1][-]{section.3.5}{JAX Implementation}{chapter.3}% 20
\BOOKMARK [0][-]{chapter.4}{Complex-Valued vs Real Neural Networks}{part.1}% 21
\BOOKMARK [1][-]{section.4.1}{Impact of the Circularity}{chapter.4}% 22
\BOOKMARK [1][-]{section.4.2}{Complex vs Real Models}{chapter.4}% 23
\BOOKMARK [-1][-]{part.2}{II Condition Monitoring}{}% 24
\BOOKMARK [0][-]{chapter.5}{Healthy-Faulty Signal Classification}{part.2}% 25
\BOOKMARK [1][-]{section.5.1}{State-of-the-Art}{chapter.5}% 26
\BOOKMARK [2][-]{subsection.5.1.1}{Baseline Machine Learning}{section.5.1}% 27
\BOOKMARK [2][-]{subsection.5.1.2}{Study in the frequency domain}{section.5.1}% 28
\BOOKMARK [1][-]{section.5.2}{Bonfiglioli}{chapter.5}% 29
\BOOKMARK [2][-]{subsection.5.2.1}{Simulation Environment}{section.5.2}% 30
\BOOKMARK [2][-]{subsection.5.2.2}{Datasets}{section.5.2}% 31
\BOOKMARK [1][-]{section.5.3}{Mendelay Data}{chapter.5}% 32
\BOOKMARK [2][-]{subsection.5.3.1}{Dataset Structure}{section.5.3}% 33
\BOOKMARK [0][-]{appendix.A}{Mathematical Proofs}{part.2}% 34
\BOOKMARK [1][-]{section.A.1}{Complex Weights Initialization trabelsi2018deep}{appendix.A}% 35
\BOOKMARK [1][-]{section.A.2}{Stationary points of a real-valued function of a complex variable Messerschmittstationarypoints}{appendix.A}% 36
\BOOKMARK [1][-]{section.A.3}{Steepest complex gradient descent Hualiangnonlinear}{appendix.A}% 37
